#
# A fatal error has been detected by the Java Runtime Environment:
#
#  EXCEPTION_ACCESS_VIOLATION (0xc0000005) at pc=0x00007ffb0c30e938, pid=7664, tid=3728
#
# JRE version: Java(TM) SE Runtime Environment (15.0.2+7) (build 15.0.2+7-27)
# Java VM: Java HotSpot(TM) 64-Bit Server VM (15.0.2+7-27, mixed mode, sharing, tiered, compressed oops, g1 gc, windows-amd64)
# Problematic frame:
# V  [jvm.dll+0x20e938]
#
# No core dump will be written. Minidumps are not enabled by default on client versions of Windows
#
# If you would like to submit a bug report, please visit:
#   https://bugreport.java.com/bugreport/crash.jsp
#

---------------  S U M M A R Y ------------

Command Line: -XX:+ShowCodeDetailsInExceptionMessages -agentlib:jdwp=transport=dt_socket,suspend=y,address=localhost:61320 -ea -javaagent:C:\Users\Yuri\eclipse\java-2020-124\eclipse\configuration\org.eclipse.osgi\220\0\.cp\lib\javaagent-shaded.jar -Dfile.encoding=Cp1252 org.eclipse.jdt.internal.junit.runner.RemoteTestRunner -version 3 -port 61319 -testLoaderClass org.eclipse.jdt.internal.junit5.runner.JUnit5TestLoader -loaderpluginname org.eclipse.jdt.junit5.runtime -test ContaCorrenteTest:testarContaInvestimento

Host: Intel(R) Core(TM) i3-9100F CPU @ 3.60GHz, 4 cores, 7G,  Windows 10 , 64 bit Build 19041 (10.0.19041.1023)
Time: Mon Aug  9 18:24:46 2021 Hora oficial do Brasil elapsed time: 389.725795 seconds (0d 0h 6m 29s)

---------------  T H R E A D  ---------------

Current thread (0x000001aa65f59490):  JavaThread "JDWP Transport Listener: dt_socket" daemon [_thread_in_vm, id=3728, stack(0x00000097dbb00000,0x00000097dbc00000)] _threads_hazard_ptr=0x000001aa6698c410

Stack: [0x00000097dbb00000,0x00000097dbc00000],  sp=0x00000097dbbfe958,  free space=1018k
Native frames: (J=compiled Java code, j=interpreted, Vv=VM code, C=native code)
V  [jvm.dll+0x20e938]


siginfo: EXCEPTION_ACCESS_VIOLATION (0xc0000005), reading address 0x000001aa65aaf1a0


Register to memory mapping:

RIP=0x00007ffb0c30e938 jvm.dll
RAX=0x00000000001944c0 is an unknown value
RBX=0x00000097dbbfec00 is pointing into the stack for thread: 0x000001aa65f59490
RCX=0x000001aa6591ace0 is pointing into metadata
RDX=0x000000000000ca25 is an unknown value
RSP=0x00000097dbbfe958 is pointing into the stack for thread: 0x000001aa65f59490
RBP=0x0 is NULL
RSI=0x0 is NULL
RDI=0x000001aa65882db0 is pointing into metadata
R8 =0x0 is NULL
R9 =0x000001aa65882db0 is pointing into metadata
R10=0x00000097dbbfec00 is pointing into the stack for thread: 0x000001aa65f59490
R11=0x000001aa66036b20 points into unknown readable memory: 0x8fffffff47000000 | 00 00 00 47 ff ff ff 8f
R12=0x00007ffb0c100000 jvm.dll
R13=0x000001aa66036af0 points into unknown readable memory: 0x0000000065e66000 | 00 60 e6 65 00 00 00 00
R14=0x000001aa6588481e is pointing into metadata
R15=0x000000000000004f is an unknown value


Registers:
RAX=0x00000000001944c0, RBX=0x00000097dbbfec00, RCX=0x000001aa6591ace0, RDX=0x000000000000ca25
RSP=0x00000097dbbfe958, RBP=0x0000000000000000, RSI=0x0000000000000000, RDI=0x000001aa65882db0
R8 =0x0000000000000000, R9 =0x000001aa65882db0, R10=0x00000097dbbfec00, R11=0x000001aa66036b20
R12=0x00007ffb0c100000, R13=0x000001aa66036af0, R14=0x000001aa6588481e, R15=0x000000000000004f
RIP=0x00007ffb0c30e938, EFLAGS=0x0000000000010206

Top of Stack: (sp=0x00000097dbbfe958)
0x00000097dbbfe958:   00007ffb0c3ffa93 00000000000000b7
0x00000097dbbfe968:   00007ffb0c403653 00000097dbbfe9d0
0x00000097dbbfe978:   00007ffb0c2020be 000000004fffffff
0x00000097dbbfe988:   00000097dbbfea20 0000000046000008
0x00000097dbbfe998:   8fffffff8fffffff 000025b71d77c656
0x00000097dbbfe9a8:   000025b71d77c646 000001aa6588481e
0x00000097dbbfe9b8:   00000000000000d3 00000097dbbfec00
0x00000097dbbfe9c8:   00007ffb0c402031 000001aa65884817
0x00000097dbbfe9d8:   00000097dbbfea70 00000097dbbfeaa0
0x00000097dbbfe9e8:   000001aa65884814 000000970000000e
0x00000097dbbfe9f8:   0000000000000000 00000000000003d8
0x00000097dbbfea08:   00000097dbbfea70 0000000000000000
0x00000097dbbfea18:   00007ffb0c10c1a6 000001aa65884890
0x00000097dbbfea28:   00000097dbbfec00 000000000000004f
0x00000097dbbfea38:   00000000000000b5 00000097dbbfec00
0x00000097dbbfea48:   00007ffb0c4026ce 00000097dbbfeaa0 

Instructions: (pc=0x00007ffb0c30e938)
0x00007ffb0c30e838:   03 03 03 03 03 03 03 03 03 03 03 03 03 03 03 03
0x00007ffb0c30e848:   03 03 03 03 03 03 03 03 03 03 03 03 03 03 03 03
0x00007ffb0c30e858:   03 03 03 03 03 03 03 03 03 03 03 03 03 03 03 03
0x00007ffb0c30e868:   03 03 03 03 03 03 03 03 03 03 03 03 03 03 03 03
0x00007ffb0c30e878:   03 03 03 02 03 03 02 cc 48 89 5c 24 08 48 89 74
0x00007ffb0c30e888:   24 10 57 48 83 ec 20 48 63 da 41 0f b6 f0 48 8b
0x00007ffb0c30e898:   f9 85 d2 79 24 4c 8d 0d ac 97 66 00 ba af 02 00
0x00007ffb0c30e8a8:   00 4c 8d 05 d8 97 66 00 48 8d 0d 51 97 66 00 e8
0x00007ffb0c30e8b8:   54 79 00 00 e8 7f c0 41 00 40 84 f6 75 18 48 8b
0x00007ffb0c30e8c8:   4f 10 48 85 c9 74 0f 48 8d 43 01 48 c1 e0 05 48
0x00007ffb0c30e8d8:   8b 04 08 0f b7 d8 48 8b 74 24 38 48 63 c3 48 8b
0x00007ffb0c30e8e8:   5c 24 30 0f b7 44 c7 48 48 83 c4 20 5f c3 cc cc
0x00007ffb0c30e8f8:   cc cc cc cc cc cc cc cc 4c 8b c9 45 84 c0 75 41
0x00007ffb0c30e908:   48 8b 49 10 48 85 c9 74 38 85 d2 79 19 f7 d2 8b
0x00007ffb0c30e918:   c2 48 ff c0 48 c1 e0 05 48 8b 04 08 0f b7 c8 41
0x00007ffb0c30e928:   0f b7 44 c9 4a c3 48 63 c2 48 ff c0 48 c1 e0 05
0x00007ffb0c30e938:   48 8b 04 08 0f b7 d0 48 63 c2 41 0f b7 44 c1 4a
0x00007ffb0c30e948:   c3 49 8b 41 08 4c 63 c2 42 0f b6 44 00 04 8d 48
0x00007ffb0c30e958:   ef 80 f9 01 76 0e 3c 6a 74 0a 48 63 c2 41 0f b7
0x00007ffb0c30e968:   44 c1 4a c3 43 0f b7 44 c1 4a c3 cc cc cc cc cc
0x00007ffb0c30e978:   cc cc cc cc cc cc cc cc 40 53 48 83 ec 20 48 8b
0x00007ffb0c30e988:   d9 e8 72 ff ff ff 48 63 d0 0f b7 44 d3 48 48 8b
0x00007ffb0c30e998:   44 c3 48 48 83 c4 20 5b c3 cc cc cc cc cc cc cc
0x00007ffb0c30e9a8:   cc cc cc cc cc cc cc cc 40 53 48 83 ec 20 48 8b
0x00007ffb0c30e9b8:   d9 e8 42 ff ff ff 48 63 d0 0f b7 44 d3 4a 48 8b
0x00007ffb0c30e9c8:   44 c3 48 48 83 c4 20 5b c3 cc cc cc cc cc cc cc
0x00007ffb0c30e9d8:   cc cc cc cc cc cc cc cc 4c 8b d1 45 84 c9 75 28
0x00007ffb0c30e9e8:   4c 8b 49 10 4d 85 c9 74 1f 45 85 c0 79 08 41 f7
0x00007ffb0c30e9f8:   d0 41 8b c0 eb 03 49 63 c0 48 ff c0 48 c1 e0 05
0x00007ffb0c30ea08:   4a 8b 04 08 44 0f b7 c0 49 8b 42 08 49 63 c8 0f
0x00007ffb0c30ea18:   b6 4c 08 04 48 8b c2 88 0a c3 cc cc cc cc cc cc
0x00007ffb0c30ea28:   cc cc cc cc cc cc cc cc 40 56 57 41 54 41 56 41 


Stack slot to memory mapping:
stack at sp + 0 slots: 0x00007ffb0c3ffa93 jvm.dll
stack at sp + 1 slots: 0x00000000000000b7 is an unknown value
stack at sp + 2 slots: 0x00007ffb0c403653 jvm.dll
stack at sp + 3 slots: 0x00000097dbbfe9d0 is pointing into the stack for thread: 0x000001aa65f59490
stack at sp + 4 slots: 0x00007ffb0c2020be jvm.dll
stack at sp + 5 slots: 0x000000004fffffff is an unknown value
stack at sp + 6 slots: 0x00000097dbbfea20 is pointing into the stack for thread: 0x000001aa65f59490
stack at sp + 7 slots: 0x0000000046000008 is an unknown value


---------------  P R O C E S S  ---------------

Threads class SMR info:
_java_thread_list=0x000001aa6698c410, length=15, elements={
0x000001aa470d3600, 0x000001aa653617c0, 0x000001aa65361db0, 0x000001aa6537a7b0,
0x000001aa6537cc90, 0x000001aa65386580, 0x000001aa6538a510, 0x000001aa6538aa20,
0x000001aa6538f350, 0x000001aa65dbf1b0, 0x000001aa65f59490, 0x000001aa65f5a330,
0x000001aa65f5afc0, 0x000001aa65dbf680, 0x000001aa65dc04f0
}

Java Threads: ( => current thread )
  0x000001aa470d3600 JavaThread "main" [_thread_blocked, id=7600, stack(0x00000097dab00000,0x00000097dac00000)]
  0x000001aa653617c0 JavaThread "Reference Handler" daemon [_thread_blocked, id=9280, stack(0x00000097db200000,0x00000097db300000)]
  0x000001aa65361db0 JavaThread "Finalizer" daemon [_thread_blocked, id=9244, stack(0x00000097db300000,0x00000097db400000)]
  0x000001aa6537a7b0 JavaThread "Signal Dispatcher" daemon [_thread_blocked, id=2828, stack(0x00000097db400000,0x00000097db500000)]
  0x000001aa6537cc90 JavaThread "Attach Listener" daemon [_thread_blocked, id=6248, stack(0x00000097db500000,0x00000097db600000)]
  0x000001aa65386580 JavaThread "Service Thread" daemon [_thread_blocked, id=1220, stack(0x00000097db600000,0x00000097db700000)]
  0x000001aa6538a510 JavaThread "C2 CompilerThread0" daemon [_thread_blocked, id=5248, stack(0x00000097db700000,0x00000097db800000)]
  0x000001aa6538aa20 JavaThread "C1 CompilerThread0" daemon [_thread_blocked, id=3280, stack(0x00000097db800000,0x00000097db900000)]
  0x000001aa6538f350 JavaThread "Sweeper thread" daemon [_thread_blocked, id=1924, stack(0x00000097db900000,0x00000097dba00000)]
  0x000001aa65dbf1b0 JavaThread "Common-Cleaner" daemon [_thread_blocked, id=484, stack(0x00000097dba00000,0x00000097dbb00000)]
=>0x000001aa65f59490 JavaThread "JDWP Transport Listener: dt_socket" daemon [_thread_in_vm, id=3728, stack(0x00000097dbb00000,0x00000097dbc00000)]
  0x000001aa65f5a330 JavaThread "JDWP Event Helper Thread" daemon [_thread_blocked, id=7808, stack(0x00000097dbc00000,0x00000097dbd00000)]
  0x000001aa65f5afc0 JavaThread "JDWP Command Reader" daemon [_thread_in_native, id=9048, stack(0x00000097dbd00000,0x00000097dbe00000)]
  0x000001aa65dbf680 JavaThread "Notification Thread" daemon [_thread_blocked, id=7984, stack(0x00000097dbf00000,0x00000097dc000000)]
  0x000001aa65dc04f0 JavaThread "ReaderThread" [_thread_in_native, id=9144, stack(0x00000097dc300000,0x00000097dc400000)]

Other Threads:
  0x000001aa6535e120 VMThread "VM Thread" [stack: 0x00000097db100000,0x00000097db200000] [id=10376]
  0x000001aa65f88d30 WatcherThread [stack: 0x00000097dc000000,0x00000097dc100000] [id=7948]
  0x000001aa471137d0 GCTaskThread "GC Thread#0" [stack: 0x00000097dac00000,0x00000097dad00000] [id=5364]
  0x000001aa664e6120 GCTaskThread "GC Thread#1" [stack: 0x00000097dc100000,0x00000097dc200000] [id=8100]
  0x000001aa664e6780 GCTaskThread "GC Thread#2" [stack: 0x00000097dc200000,0x00000097dc300000] [id=4680]
  0x000001aa664e7440 GCTaskThread "GC Thread#3" [stack: 0x00000097dc400000,0x00000097dc500000] [id=9832]
  0x000001aa471246b0 ConcurrentGCThread "G1 Main Marker" [stack: 0x00000097dad00000,0x00000097dae00000] [id=10212]
  0x000001aa47125950 ConcurrentGCThread "G1 Conc#0" [stack: 0x00000097dae00000,0x00000097daf00000] [id=4108]
  0x000001aa4719f5a0 ConcurrentGCThread "G1 Refine#0" [stack: 0x00000097daf00000,0x00000097db000000] [id=6948]
  0x000001aa471a1fd0 ConcurrentGCThread "G1 Young RemSet Sampling" [stack: 0x00000097db000000,0x00000097db100000] [id=4132]

Threads with active compile tasks:

VM state: not at safepoint (normal execution)

VM Mutex/Monitor currently owned by a thread: None

Heap address: 0x0000000080c00000, size: 2036 MB, Compressed Oops mode: 32-bit
CDS archive(s) mapped at: [0x0000000800000000-0x0000000800b50000-0x0000000800b50000), size 11862016, SharedBaseAddress: 0x0000000800000000, ArchiveRelocationMode: 0.
Compressed class space mapped at: 0x0000000800b50000-0x0000000840b50000, size: 1073741824
Narrow klass base: 0x0000000800000000, Narrow klass shift: 3, Narrow klass range: 0x100000000

GC Precious Log:
 CPUs: 4 total, 4 available
 Memory: 8136M
 Large Page Support: Disabled
 NUMA Support: Disabled
 Compressed Oops: Enabled (32-bit)
 Heap Region Size: 1M
 Heap Min Capacity: 8M
 Heap Initial Capacity: 128M
 Heap Max Capacity: 2036M
 Pre-touch: Disabled
 Parallel Workers: 4
 Concurrent Workers: 1
 Concurrent Refinement Workers: 4
 Periodic GC: Disabled

Heap:
 garbage-first heap   total 131072K, used 14448K [0x0000000080c00000, 0x0000000100000000)
  region size 1024K, 14 young (14336K), 2 survivors (2048K)
 Metaspace       used 7349K, capacity 7548K, committed 7808K, reserved 1056768K
  class space    used 803K, capacity 853K, committed 896K, reserved 1048576K

Heap Regions: E=young(eden), S=young(survivor), O=old, HS=humongous(starts), HC=humongous(continues), CS=collection set, F=free, OA=open archive, CA=closed archive, TAMS=top-at-mark-start (previous, next)
|   0|0x0000000080c00000, 0x0000000080d00000, 0x0000000080d00000|100%| O|  |TAMS 0x0000000080c00000, 0x0000000080c00000| Untracked 
|   1|0x0000000080d00000, 0x0000000080df0e00, 0x0000000080e00000| 94%| O|  |TAMS 0x0000000080d00000, 0x0000000080d00000| Untracked 
|   2|0x0000000080e00000, 0x0000000080e00000, 0x0000000080f00000|  0%| F|  |TAMS 0x0000000080e00000, 0x0000000080e00000| Untracked 
|   3|0x0000000080f00000, 0x0000000080f00000, 0x0000000081000000|  0%| F|  |TAMS 0x0000000080f00000, 0x0000000080f00000| Untracked 
|   4|0x0000000081000000, 0x0000000081000000, 0x0000000081100000|  0%| F|  |TAMS 0x0000000081000000, 0x0000000081000000| Untracked 
|   5|0x0000000081100000, 0x0000000081100000, 0x0000000081200000|  0%| F|  |TAMS 0x0000000081100000, 0x0000000081100000| Untracked 
|   6|0x0000000081200000, 0x0000000081200000, 0x0000000081300000|  0%| F|  |TAMS 0x0000000081200000, 0x0000000081200000| Untracked 
|   7|0x0000000081300000, 0x0000000081300000, 0x0000000081400000|  0%| F|  |TAMS 0x0000000081300000, 0x0000000081300000| Untracked 
|   8|0x0000000081400000, 0x0000000081400000, 0x0000000081500000|  0%| F|  |TAMS 0x0000000081400000, 0x0000000081400000| Untracked 
|   9|0x0000000081500000, 0x0000000081500000, 0x0000000081600000|  0%| F|  |TAMS 0x0000000081500000, 0x0000000081500000| Untracked 
|  10|0x0000000081600000, 0x0000000081600000, 0x0000000081700000|  0%| F|  |TAMS 0x0000000081600000, 0x0000000081600000| Untracked 
|  11|0x0000000081700000, 0x0000000081700000, 0x0000000081800000|  0%| F|  |TAMS 0x0000000081700000, 0x0000000081700000| Untracked 
|  12|0x0000000081800000, 0x0000000081800000, 0x0000000081900000|  0%| F|  |TAMS 0x0000000081800000, 0x0000000081800000| Untracked 
|  13|0x0000000081900000, 0x0000000081900000, 0x0000000081a00000|  0%| F|  |TAMS 0x0000000081900000, 0x0000000081900000| Untracked 
|  14|0x0000000081a00000, 0x0000000081a00000, 0x0000000081b00000|  0%| F|  |TAMS 0x0000000081a00000, 0x0000000081a00000| Untracked 
|  15|0x0000000081b00000, 0x0000000081b00000, 0x0000000081c00000|  0%| F|  |TAMS 0x0000000081b00000, 0x0000000081b00000| Untracked 
|  16|0x0000000081c00000, 0x0000000081c00000, 0x0000000081d00000|  0%| F|  |TAMS 0x0000000081c00000, 0x0000000081c00000| Untracked 
|  17|0x0000000081d00000, 0x0000000081d00000, 0x0000000081e00000|  0%| F|  |TAMS 0x0000000081d00000, 0x0000000081d00000| Untracked 
|  18|0x0000000081e00000, 0x0000000081e00000, 0x0000000081f00000|  0%| F|  |TAMS 0x0000000081e00000, 0x0000000081e00000| Untracked 
|  19|0x0000000081f00000, 0x0000000081f00000, 0x0000000082000000|  0%| F|  |TAMS 0x0000000081f00000, 0x0000000081f00000| Untracked 
|  20|0x0000000082000000, 0x0000000082000000, 0x0000000082100000|  0%| F|  |TAMS 0x0000000082000000, 0x0000000082000000| Untracked 
|  21|0x0000000082100000, 0x0000000082100000, 0x0000000082200000|  0%| F|  |TAMS 0x0000000082100000, 0x0000000082100000| Untracked 
|  22|0x0000000082200000, 0x0000000082200000, 0x0000000082300000|  0%| F|  |TAMS 0x0000000082200000, 0x0000000082200000| Untracked 
|  23|0x0000000082300000, 0x0000000082300000, 0x0000000082400000|  0%| F|  |TAMS 0x0000000082300000, 0x0000000082300000| Untracked 
|  24|0x0000000082400000, 0x0000000082400000, 0x0000000082500000|  0%| F|  |TAMS 0x0000000082400000, 0x0000000082400000| Untracked 
|  25|0x0000000082500000, 0x0000000082500000, 0x0000000082600000|  0%| F|  |TAMS 0x0000000082500000, 0x0000000082500000| Untracked 
|  26|0x0000000082600000, 0x0000000082600000, 0x0000000082700000|  0%| F|  |TAMS 0x0000000082600000, 0x0000000082600000| Untracked 
|  27|0x0000000082700000, 0x0000000082700000, 0x0000000082800000|  0%| F|  |TAMS 0x0000000082700000, 0x0000000082700000| Untracked 
|  28|0x0000000082800000, 0x0000000082800000, 0x0000000082900000|  0%| F|  |TAMS 0x0000000082800000, 0x0000000082800000| Untracked 
|  29|0x0000000082900000, 0x0000000082900000, 0x0000000082a00000|  0%| F|  |TAMS 0x0000000082900000, 0x0000000082900000| Untracked 
|  30|0x0000000082a00000, 0x0000000082a00000, 0x0000000082b00000|  0%| F|  |TAMS 0x0000000082a00000, 0x0000000082a00000| Untracked 
|  31|0x0000000082b00000, 0x0000000082b00000, 0x0000000082c00000|  0%| F|  |TAMS 0x0000000082b00000, 0x0000000082b00000| Untracked 
|  32|0x0000000082c00000, 0x0000000082c00000, 0x0000000082d00000|  0%| F|  |TAMS 0x0000000082c00000, 0x0000000082c00000| Untracked 
|  33|0x0000000082d00000, 0x0000000082d00000, 0x0000000082e00000|  0%| F|  |TAMS 0x0000000082d00000, 0x0000000082d00000| Untracked 
|  34|0x0000000082e00000, 0x0000000082e00000, 0x0000000082f00000|  0%| F|  |TAMS 0x0000000082e00000, 0x0000000082e00000| Untracked 
|  35|0x0000000082f00000, 0x0000000082f00000, 0x0000000083000000|  0%| F|  |TAMS 0x0000000082f00000, 0x0000000082f00000| Untracked 
|  36|0x0000000083000000, 0x0000000083000000, 0x0000000083100000|  0%| F|  |TAMS 0x0000000083000000, 0x0000000083000000| Untracked 
|  37|0x0000000083100000, 0x0000000083100000, 0x0000000083200000|  0%| F|  |TAMS 0x0000000083100000, 0x0000000083100000| Untracked 
|  38|0x0000000083200000, 0x0000000083200000, 0x0000000083300000|  0%| F|  |TAMS 0x0000000083200000, 0x0000000083200000| Untracked 
|  39|0x0000000083300000, 0x0000000083300000, 0x0000000083400000|  0%| F|  |TAMS 0x0000000083300000, 0x0000000083300000| Untracked 
|  40|0x0000000083400000, 0x0000000083400000, 0x0000000083500000|  0%| F|  |TAMS 0x0000000083400000, 0x0000000083400000| Untracked 
|  41|0x0000000083500000, 0x0000000083500000, 0x0000000083600000|  0%| F|  |TAMS 0x0000000083500000, 0x0000000083500000| Untracked 
|  42|0x0000000083600000, 0x0000000083600000, 0x0000000083700000|  0%| F|  |TAMS 0x0000000083600000, 0x0000000083600000| Untracked 
|  43|0x0000000083700000, 0x0000000083700000, 0x0000000083800000|  0%| F|  |TAMS 0x0000000083700000, 0x0000000083700000| Untracked 
|  44|0x0000000083800000, 0x0000000083800000, 0x0000000083900000|  0%| F|  |TAMS 0x0000000083800000, 0x0000000083800000| Untracked 
|  45|0x0000000083900000, 0x0000000083900000, 0x0000000083a00000|  0%| F|  |TAMS 0x0000000083900000, 0x0000000083900000| Untracked 
|  46|0x0000000083a00000, 0x0000000083a00000, 0x0000000083b00000|  0%| F|  |TAMS 0x0000000083a00000, 0x0000000083a00000| Untracked 
|  47|0x0000000083b00000, 0x0000000083b00000, 0x0000000083c00000|  0%| F|  |TAMS 0x0000000083b00000, 0x0000000083b00000| Untracked 
|  48|0x0000000083c00000, 0x0000000083c00000, 0x0000000083d00000|  0%| F|  |TAMS 0x0000000083c00000, 0x0000000083c00000| Untracked 
|  49|0x0000000083d00000, 0x0000000083d00000, 0x0000000083e00000|  0%| F|  |TAMS 0x0000000083d00000, 0x0000000083d00000| Untracked 
|  50|0x0000000083e00000, 0x0000000083e00000, 0x0000000083f00000|  0%| F|  |TAMS 0x0000000083e00000, 0x0000000083e00000| Untracked 
|  51|0x0000000083f00000, 0x0000000083f00000, 0x0000000084000000|  0%| F|  |TAMS 0x0000000083f00000, 0x0000000083f00000| Untracked 
|  52|0x0000000084000000, 0x0000000084000000, 0x0000000084100000|  0%| F|  |TAMS 0x0000000084000000, 0x0000000084000000| Untracked 
|  53|0x0000000084100000, 0x0000000084100000, 0x0000000084200000|  0%| F|  |TAMS 0x0000000084100000, 0x0000000084100000| Untracked 
|  54|0x0000000084200000, 0x0000000084200000, 0x0000000084300000|  0%| F|  |TAMS 0x0000000084200000, 0x0000000084200000| Untracked 
|  55|0x0000000084300000, 0x0000000084300000, 0x0000000084400000|  0%| F|  |TAMS 0x0000000084300000, 0x0000000084300000| Untracked 
|  56|0x0000000084400000, 0x0000000084400000, 0x0000000084500000|  0%| F|  |TAMS 0x0000000084400000, 0x0000000084400000| Untracked 
|  57|0x0000000084500000, 0x0000000084500000, 0x0000000084600000|  0%| F|  |TAMS 0x0000000084500000, 0x0000000084500000| Untracked 
|  58|0x0000000084600000, 0x0000000084600000, 0x0000000084700000|  0%| F|  |TAMS 0x0000000084600000, 0x0000000084600000| Untracked 
|  59|0x0000000084700000, 0x0000000084700000, 0x0000000084800000|  0%| F|  |TAMS 0x0000000084700000, 0x0000000084700000| Untracked 
|  60|0x0000000084800000, 0x0000000084800000, 0x0000000084900000|  0%| F|  |TAMS 0x0000000084800000, 0x0000000084800000| Untracked 
|  61|0x0000000084900000, 0x0000000084900000, 0x0000000084a00000|  0%| F|  |TAMS 0x0000000084900000, 0x0000000084900000| Untracked 
|  62|0x0000000084a00000, 0x0000000084a00000, 0x0000000084b00000|  0%| F|  |TAMS 0x0000000084a00000, 0x0000000084a00000| Untracked 
|  63|0x0000000084b00000, 0x0000000084b00000, 0x0000000084c00000|  0%| F|  |TAMS 0x0000000084b00000, 0x0000000084b00000| Untracked 
|  64|0x0000000084c00000, 0x0000000084c00000, 0x0000000084d00000|  0%| F|  |TAMS 0x0000000084c00000, 0x0000000084c00000| Untracked 
|  65|0x0000000084d00000, 0x0000000084d00000, 0x0000000084e00000|  0%| F|  |TAMS 0x0000000084d00000, 0x0000000084d00000| Untracked 
|  66|0x0000000084e00000, 0x0000000084e00000, 0x0000000084f00000|  0%| F|  |TAMS 0x0000000084e00000, 0x0000000084e00000| Untracked 
|  67|0x0000000084f00000, 0x0000000084f00000, 0x0000000085000000|  0%| F|  |TAMS 0x0000000084f00000, 0x0000000084f00000| Untracked 
|  68|0x0000000085000000, 0x0000000085000000, 0x0000000085100000|  0%| F|  |TAMS 0x0000000085000000, 0x0000000085000000| Untracked 
|  69|0x0000000085100000, 0x0000000085100000, 0x0000000085200000|  0%| F|  |TAMS 0x0000000085100000, 0x0000000085100000| Untracked 
|  70|0x0000000085200000, 0x0000000085200000, 0x0000000085300000|  0%| F|  |TAMS 0x0000000085200000, 0x0000000085200000| Untracked 
|  71|0x0000000085300000, 0x0000000085300000, 0x0000000085400000|  0%| F|  |TAMS 0x0000000085300000, 0x0000000085300000| Untracked 
|  72|0x0000000085400000, 0x0000000085400000, 0x0000000085500000|  0%| F|  |TAMS 0x0000000085400000, 0x0000000085400000| Untracked 
|  73|0x0000000085500000, 0x0000000085500000, 0x0000000085600000|  0%| F|  |TAMS 0x0000000085500000, 0x0000000085500000| Untracked 
|  74|0x0000000085600000, 0x0000000085600000, 0x0000000085700000|  0%| F|  |TAMS 0x0000000085600000, 0x0000000085600000| Untracked 
|  75|0x0000000085700000, 0x0000000085700000, 0x0000000085800000|  0%| F|  |TAMS 0x0000000085700000, 0x0000000085700000| Untracked 
|  76|0x0000000085800000, 0x0000000085800000, 0x0000000085900000|  0%| F|  |TAMS 0x0000000085800000, 0x0000000085800000| Untracked 
|  77|0x0000000085900000, 0x0000000085900000, 0x0000000085a00000|  0%| F|  |TAMS 0x0000000085900000, 0x0000000085900000| Untracked 
|  78|0x0000000085a00000, 0x0000000085a00000, 0x0000000085b00000|  0%| F|  |TAMS 0x0000000085a00000, 0x0000000085a00000| Untracked 
|  79|0x0000000085b00000, 0x0000000085b00000, 0x0000000085c00000|  0%| F|  |TAMS 0x0000000085b00000, 0x0000000085b00000| Untracked 
|  80|0x0000000085c00000, 0x0000000085c00000, 0x0000000085d00000|  0%| F|  |TAMS 0x0000000085c00000, 0x0000000085c00000| Untracked 
|  81|0x0000000085d00000, 0x0000000085d00000, 0x0000000085e00000|  0%| F|  |TAMS 0x0000000085d00000, 0x0000000085d00000| Untracked 
|  82|0x0000000085e00000, 0x0000000085e00000, 0x0000000085f00000|  0%| F|  |TAMS 0x0000000085e00000, 0x0000000085e00000| Untracked 
|  83|0x0000000085f00000, 0x0000000085f00000, 0x0000000086000000|  0%| F|  |TAMS 0x0000000085f00000, 0x0000000085f00000| Untracked 
|  84|0x0000000086000000, 0x0000000086000000, 0x0000000086100000|  0%| F|  |TAMS 0x0000000086000000, 0x0000000086000000| Untracked 
|  85|0x0000000086100000, 0x0000000086100000, 0x0000000086200000|  0%| F|  |TAMS 0x0000000086100000, 0x0000000086100000| Untracked 
|  86|0x0000000086200000, 0x0000000086200000, 0x0000000086300000|  0%| F|  |TAMS 0x0000000086200000, 0x0000000086200000| Untracked 
|  87|0x0000000086300000, 0x0000000086300000, 0x0000000086400000|  0%| F|  |TAMS 0x0000000086300000, 0x0000000086300000| Untracked 
|  88|0x0000000086400000, 0x0000000086400000, 0x0000000086500000|  0%| F|  |TAMS 0x0000000086400000, 0x0000000086400000| Untracked 
|  89|0x0000000086500000, 0x0000000086500000, 0x0000000086600000|  0%| F|  |TAMS 0x0000000086500000, 0x0000000086500000| Untracked 
|  90|0x0000000086600000, 0x0000000086600000, 0x0000000086700000|  0%| F|  |TAMS 0x0000000086600000, 0x0000000086600000| Untracked 
|  91|0x0000000086700000, 0x0000000086700000, 0x0000000086800000|  0%| F|  |TAMS 0x0000000086700000, 0x0000000086700000| Untracked 
|  92|0x0000000086800000, 0x0000000086800000, 0x0000000086900000|  0%| F|  |TAMS 0x0000000086800000, 0x0000000086800000| Untracked 
|  93|0x0000000086900000, 0x0000000086900000, 0x0000000086a00000|  0%| F|  |TAMS 0x0000000086900000, 0x0000000086900000| Untracked 
|  94|0x0000000086a00000, 0x0000000086a00000, 0x0000000086b00000|  0%| F|  |TAMS 0x0000000086a00000, 0x0000000086a00000| Untracked 
|  95|0x0000000086b00000, 0x0000000086b00000, 0x0000000086c00000|  0%| F|  |TAMS 0x0000000086b00000, 0x0000000086b00000| Untracked 
|  96|0x0000000086c00000, 0x0000000086c00000, 0x0000000086d00000|  0%| F|  |TAMS 0x0000000086c00000, 0x0000000086c00000| Untracked 
|  97|0x0000000086d00000, 0x0000000086d00000, 0x0000000086e00000|  0%| F|  |TAMS 0x0000000086d00000, 0x0000000086d00000| Untracked 
|  98|0x0000000086e00000, 0x0000000086e00000, 0x0000000086f00000|  0%| F|  |TAMS 0x0000000086e00000, 0x0000000086e00000| Untracked 
|  99|0x0000000086f00000, 0x0000000086f00000, 0x0000000087000000|  0%| F|  |TAMS 0x0000000086f00000, 0x0000000086f00000| Untracked 
| 100|0x0000000087000000, 0x0000000087000000, 0x0000000087100000|  0%| F|  |TAMS 0x0000000087000000, 0x0000000087000000| Untracked 
| 101|0x0000000087100000, 0x0000000087100000, 0x0000000087200000|  0%| F|  |TAMS 0x0000000087100000, 0x0000000087100000| Untracked 
| 102|0x0000000087200000, 0x0000000087200000, 0x0000000087300000|  0%| F|  |TAMS 0x0000000087200000, 0x0000000087200000| Untracked 
| 103|0x0000000087300000, 0x0000000087300000, 0x0000000087400000|  0%| F|  |TAMS 0x0000000087300000, 0x0000000087300000| Untracked 
| 104|0x0000000087400000, 0x0000000087400000, 0x0000000087500000|  0%| F|  |TAMS 0x0000000087400000, 0x0000000087400000| Untracked 
| 105|0x0000000087500000, 0x0000000087500000, 0x0000000087600000|  0%| F|  |TAMS 0x0000000087500000, 0x0000000087500000| Untracked 
| 106|0x0000000087600000, 0x0000000087600000, 0x0000000087700000|  0%| F|  |TAMS 0x0000000087600000, 0x0000000087600000| Untracked 
| 107|0x0000000087700000, 0x0000000087700000, 0x0000000087800000|  0%| F|  |TAMS 0x0000000087700000, 0x0000000087700000| Untracked 
| 108|0x0000000087800000, 0x000000008782b3a0, 0x0000000087900000| 16%| S|CS|TAMS 0x0000000087800000, 0x0000000087800000| Complete 
| 109|0x0000000087900000, 0x0000000087a00000, 0x0000000087a00000|100%| S|CS|TAMS 0x0000000087900000, 0x0000000087900000| Complete 
| 110|0x0000000087a00000, 0x0000000087a00000, 0x0000000087b00000|  0%| F|  |TAMS 0x0000000087a00000, 0x0000000087a00000| Untracked 
| 111|0x0000000087b00000, 0x0000000087b00000, 0x0000000087c00000|  0%| F|  |TAMS 0x0000000087b00000, 0x0000000087b00000| Untracked 
| 112|0x0000000087c00000, 0x0000000087c00000, 0x0000000087d00000|  0%| F|  |TAMS 0x0000000087c00000, 0x0000000087c00000| Untracked 
| 113|0x0000000087d00000, 0x0000000087d00000, 0x0000000087e00000|  0%| F|  |TAMS 0x0000000087d00000, 0x0000000087d00000| Untracked 
| 114|0x0000000087e00000, 0x0000000087e00000, 0x0000000087f00000|  0%| F|  |TAMS 0x0000000087e00000, 0x0000000087e00000| Untracked 
| 115|0x0000000087f00000, 0x0000000087f00000, 0x0000000088000000|  0%| F|  |TAMS 0x0000000087f00000, 0x0000000087f00000| Untracked 
| 116|0x0000000088000000, 0x0000000088100000, 0x0000000088100000|100%| E|  |TAMS 0x0000000088000000, 0x0000000088000000| Complete 
| 117|0x0000000088100000, 0x0000000088200000, 0x0000000088200000|100%| E|CS|TAMS 0x0000000088100000, 0x0000000088100000| Complete 
| 118|0x0000000088200000, 0x0000000088300000, 0x0000000088300000|100%| E|CS|TAMS 0x0000000088200000, 0x0000000088200000| Complete 
| 119|0x0000000088300000, 0x0000000088400000, 0x0000000088400000|100%| E|CS|TAMS 0x0000000088300000, 0x0000000088300000| Complete 
| 120|0x0000000088400000, 0x0000000088500000, 0x0000000088500000|100%| E|CS|TAMS 0x0000000088400000, 0x0000000088400000| Complete 
| 121|0x0000000088500000, 0x0000000088600000, 0x0000000088600000|100%| E|CS|TAMS 0x0000000088500000, 0x0000000088500000| Complete 
| 122|0x0000000088600000, 0x0000000088700000, 0x0000000088700000|100%| E|CS|TAMS 0x0000000088600000, 0x0000000088600000| Complete 
| 123|0x0000000088700000, 0x0000000088800000, 0x0000000088800000|100%| E|CS|TAMS 0x0000000088700000, 0x0000000088700000| Complete 
| 124|0x0000000088800000, 0x0000000088900000, 0x0000000088900000|100%| E|CS|TAMS 0x0000000088800000, 0x0000000088800000| Complete 
| 125|0x0000000088900000, 0x0000000088a00000, 0x0000000088a00000|100%| E|CS|TAMS 0x0000000088900000, 0x0000000088900000| Complete 
| 126|0x0000000088a00000, 0x0000000088b00000, 0x0000000088b00000|100%| E|CS|TAMS 0x0000000088a00000, 0x0000000088a00000| Complete 
| 127|0x0000000088b00000, 0x0000000088c00000, 0x0000000088c00000|100%| E|CS|TAMS 0x0000000088b00000, 0x0000000088b00000| Complete 

Card table byte_map: [0x000001aa5e710000,0x000001aa5eb10000] _byte_map_base: 0x000001aa5e30a000

Marking Bits (Prev, Next): (CMBitMap*) 0x000001aa47113ed0, (CMBitMap*) 0x000001aa47113f10
 Prev Bits: [0x000001aa5ef10000, 0x000001aa60ee0000)
 Next Bits: [0x000001aa60ee0000, 0x000001aa62eb0000)

Polling page: 0x000001aa468b0000

Metaspace:

Usage:
  Non-class:      6.54 MB capacity,     6.39 MB ( 98%) used,   141.53 KB (  2%) free+waste,     7.25 KB ( <1%) overhead. 
      Class:    853.00 KB capacity,   803.34 KB ( 94%) used,    46.04 KB (  5%) free+waste,     3.62 KB ( <1%) overhead. 
       Both:      7.37 MB capacity,     7.18 MB ( 97%) used,   187.57 KB (  2%) free+waste,    10.88 KB ( <1%) overhead. 

Virtual space:
  Non-class space:        8.00 MB reserved,       6.75 MB ( 84%) committed 
      Class space:        1.00 GB reserved,     896.00 KB ( <1%) committed 
             Both:        1.01 GB reserved,       7.62 MB ( <1%) committed 

Chunk freelists:
   Non-Class:  25.00 KB
       Class:  11.00 KB
        Both:  36.00 KB

MaxMetaspaceSize: 17179869184.00 GB
CompressedClassSpaceSize: 1.00 GB

CodeHeap 'non-profiled nmethods': size=120000Kb used=544Kb max_used=544Kb free=119455Kb
 bounds [0x000001aa56de0000, 0x000001aa57050000, 0x000001aa5e310000]
CodeHeap 'profiled nmethods': size=120000Kb used=3078Kb max_used=3078Kb free=116922Kb
 bounds [0x000001aa4f8b0000, 0x000001aa4fbc0000, 0x000001aa56de0000]
CodeHeap 'non-nmethods': size=5760Kb used=1255Kb max_used=1281Kb free=4504Kb
 bounds [0x000001aa4f310000, 0x000001aa4f580000, 0x000001aa4f8b0000]
 total_blobs=1949 nmethods=1521 adapters=341
 compilation: enabled
              stopped_count=0, restarted_count=0
 full_count=0

Compilation events (20 events):
Event: 0.712 Thread 0x000001aa6538aa20 1512       3       java.lang.invoke.MemberName::<init> (50 bytes)
Event: 0.712 Thread 0x000001aa6538aa20 nmethod 1512 0x000001aa4fbae490 code [0x000001aa4fbae660, 0x000001aa4fbae978]
Event: 0.712 Thread 0x000001aa6538aa20 1513       3       java.util.stream.StreamOpFlag::combineOpFlags (9 bytes)
Event: 0.712 Thread 0x000001aa6538aa20 nmethod 1513 0x000001aa4fbaeb10 code [0x000001aa4fbaeca0, 0x000001aa4fbaee58]
Event: 0.712 Thread 0x000001aa6538aa20 1514       3       java.util.stream.StreamOpFlag::getMask (30 bytes)
Event: 0.712 Thread 0x000001aa6538aa20 nmethod 1514 0x000001aa4fbaef10 code [0x000001aa4fbaf0a0, 0x000001aa4fbaf1f8]
Event: 0.714 Thread 0x000001aa6538aa20 1515       3       jdk.internal.math.FDBigInteger::mult (64 bytes)
Event: 0.715 Thread 0x000001aa6538aa20 nmethod 1515 0x000001aa4fbaf290 code [0x000001aa4fbaf440, 0x000001aa4fbaf6b8]
Event: 0.715 Thread 0x000001aa6538aa20 1516       3       jdk.internal.math.FDBigInteger::<init> (30 bytes)
Event: 0.715 Thread 0x000001aa6538aa20 nmethod 1516 0x000001aa4fbaf890 code [0x000001aa4fbafa40, 0x000001aa4fbafc48]
Event: 0.715 Thread 0x000001aa6538aa20 1517       3       jdk.internal.math.FDBigInteger::trimLeadingZeros (57 bytes)
Event: 0.715 Thread 0x000001aa6538aa20 nmethod 1517 0x000001aa4fbafd90 code [0x000001aa4fbaff40, 0x000001aa4fbb0238]
Event: 0.715 Thread 0x000001aa6538aa20 1518       3       java.util.stream.StreamOpFlag::fromCharacteristics (37 bytes)
Event: 0.715 Thread 0x000001aa6538aa20 nmethod 1518 0x000001aa4fbb0390 code [0x000001aa4fbb0540, 0x000001aa4fbb0858]
Event: 0.715 Thread 0x000001aa6538aa20 1519       3       java.util.stream.AbstractPipeline::<init> (55 bytes)
Event: 0.715 Thread 0x000001aa6538aa20 nmethod 1519 0x000001aa4fbb0990 code [0x000001aa4fbb0b40, 0x000001aa4fbb0e18]
Event: 0.715 Thread 0x000001aa6538aa20 1520       3       java.util.Collections$UnmodifiableCollection::<init> (22 bytes)
Event: 0.715 Thread 0x000001aa6538aa20 nmethod 1520 0x000001aa4fbb0f10 code [0x000001aa4fbb10c0, 0x000001aa4fbb1388]
Event: 0.716 Thread 0x000001aa6538aa20 1521       3       java.util.stream.StreamOpFlag::isKnown (19 bytes)
Event: 0.716 Thread 0x000001aa6538aa20 nmethod 1521 0x000001aa4fbb1490 code [0x000001aa4fbb1620, 0x000001aa4fbb1778]

GC Heap History (4 events):
Event: 0.383 GC heap before
{Heap before GC invocations=0 (full 0):
 garbage-first heap   total 131072K, used 13312K [0x0000000080c00000, 0x0000000100000000)
  region size 1024K, 13 young (13312K), 0 survivors (0K)
 Metaspace       used 3435K, capacity 5179K, committed 5376K, reserved 1056768K
  class space    used 305K, capacity 466K, committed 512K, reserved 1048576K
}
Event: 0.385 GC heap after
{Heap after GC invocations=1 (full 0):
 garbage-first heap   total 131072K, used 2040K [0x0000000080c00000, 0x0000000100000000)
  region size 1024K, 2 young (2048K), 2 survivors (2048K)
 Metaspace       used 3435K, capacity 5179K, committed 5376K, reserved 1056768K
  class space    used 305K, capacity 466K, committed 512K, reserved 1048576K
}
Event: 0.580 GC heap before
{Heap before GC invocations=1 (full 0):
 garbage-first heap   total 131072K, used 17400K [0x0000000080c00000, 0x0000000100000000)
  region size 1024K, 18 young (18432K), 2 survivors (2048K)
 Metaspace       used 5544K, capacity 6243K, committed 6528K, reserved 1056768K
  class space    used 558K, capacity 606K, committed 640K, reserved 1048576K
}
Event: 0.583 GC heap after
{Heap after GC invocations=2 (full 0):
 garbage-first heap   total 131072K, used 3184K [0x0000000080c00000, 0x0000000100000000)
  region size 1024K, 2 young (2048K), 2 survivors (2048K)
 Metaspace       used 5544K, capacity 6243K, committed 6528K, reserved 1056768K
  class space    used 558K, capacity 606K, committed 640K, reserved 1048576K
}

Deoptimization events (20 events):
Event: 0.534 Thread 0x000001aa470d3600 DEOPT PACKING pc=0x000001aa4f9ca9fb sp=0x00000097dabfb990
Event: 0.534 Thread 0x000001aa470d3600 DEOPT UNPACKING pc=0x000001aa4f35e23f sp=0x00000097dabfae70 mode 0
Event: 0.537 Thread 0x000001aa470d3600 Uncommon trap: trap_request=0xffffffde fr.pc=0x000001aa56e1c164 relative=0x00000000000019c4
Event: 0.537 Thread 0x000001aa470d3600 Uncommon trap: reason=class_check action=maybe_recompile pc=0x000001aa56e1c164 method=java.util.HashMap.putVal(ILjava/lang/Object;Ljava/lang/Object;ZZ)Ljava/lang/Object; @ 253 c2
Event: 0.537 Thread 0x000001aa470d3600 DEOPT PACKING pc=0x000001aa56e1c164 sp=0x00000097dabfda00
Event: 0.537 Thread 0x000001aa470d3600 DEOPT UNPACKING pc=0x000001aa4f35e42f sp=0x00000097dabfd9a8 mode 2
Event: 0.542 Thread 0x000001aa470d3600 Uncommon trap: trap_request=0xffffff45 fr.pc=0x000001aa56e2e6cc relative=0x000000000000012c
Event: 0.542 Thread 0x000001aa470d3600 Uncommon trap: reason=unstable_if action=reinterpret pc=0x000001aa56e2e6cc method=org.eclipse.jdt.launching.internal.org.objectweb.asm.ByteVector.putShort(I)Lorg/eclipse/jdt/launching/internal/org/objectweb/asm/ByteVector; @ 13 c2
Event: 0.542 Thread 0x000001aa470d3600 DEOPT PACKING pc=0x000001aa56e2e6cc sp=0x00000097dabfbf70
Event: 0.542 Thread 0x000001aa470d3600 DEOPT UNPACKING pc=0x000001aa4f35e42f sp=0x00000097dabfbef8 mode 2
Event: 0.549 Thread 0x000001aa470d3600 DEOPT PACKING pc=0x000001aa4f977873 sp=0x00000097dabfd890
Event: 0.549 Thread 0x000001aa470d3600 DEOPT UNPACKING pc=0x000001aa4f35e23f sp=0x00000097dabfccf0 mode 0
Event: 0.573 Thread 0x000001aa470d3600 DEOPT PACKING pc=0x000001aa4f92763d sp=0x00000097dabf6e90
Event: 0.573 Thread 0x000001aa470d3600 DEOPT UNPACKING pc=0x000001aa4f35e23f sp=0x00000097dabf6310 mode 0
Event: 0.574 Thread 0x000001aa470d3600 DEOPT PACKING pc=0x000001aa4fab02a2 sp=0x00000097dabf68f0
Event: 0.574 Thread 0x000001aa470d3600 DEOPT UNPACKING pc=0x000001aa4f35e23f sp=0x00000097dabf5d80 mode 0
Event: 0.606 Thread 0x000001aa470d3600 DEOPT PACKING pc=0x000001aa4fa4fa9b sp=0x00000097dabfa960
Event: 0.606 Thread 0x000001aa470d3600 DEOPT UNPACKING pc=0x000001aa4f35e23f sp=0x00000097dabf9ea8 mode 0
Event: 0.668 Thread 0x000001aa470d3600 DEOPT PACKING pc=0x000001aa4fab02a2 sp=0x00000097dabfc690
Event: 0.668 Thread 0x000001aa470d3600 DEOPT UNPACKING pc=0x000001aa4f35e23f sp=0x00000097dabfbb20 mode 0

Classes unloaded (0 events):
No events

Classes redefined (2 events):
Event: 313.781 Thread 0x000001aa6535e120 redefined class name=ContaCorrenteTest, count=1
Event: 342.153 Thread 0x000001aa6535e120 redefined class name=ContaCorrenteTest, count=2

Internal exceptions (20 events):
Event: 0.453 Thread 0x000001aa470d3600 Exception <a 'java/lang/NoSuchMethodError'{0x00000000887ef6a0}: 'java.lang.Object java.lang.invoke.DirectMethodHandle$Holder.invokeStaticInit(java.lang.Object, int)'> (0x00000000887ef6a0) 
thrown [./open/src/hotspot/share/interpreter/linkResolver.cpp, line 782]
Event: 0.487 Thread 0x000001aa470d3600 Exception <a 'java/lang/NoSuchMethodError'{0x0000000088452670}: 'int java.lang.invoke.DirectMethodHandle$Holder.invokeSpecial(java.lang.Object, java.lang.Object, java.lang.Object)'> (0x0000000088452670) 
thrown [./open/src/hotspot/share/interpreter/linkResolver.cpp, line 782]
Event: 0.499 Thread 0x000001aa470d3600 Exception <a 'java/lang/NoSuchMethodError'{0x0000000088334940}: 'void java.lang.invoke.DirectMethodHandle$Holder.invokeInterface(java.lang.Object, java.lang.Object)'> (0x0000000088334940) 
thrown [./open/src/hotspot/share/interpreter/linkResolver.cpp, line 782]
Event: 0.499 Thread 0x000001aa470d3600 Exception <a 'java/lang/IncompatibleClassChangeError'{0x00000000883380a0}: Found class java.lang.Object, but interface was expected> (0x00000000883380a0) 
thrown [./open/src/hotspot/share/interpreter/linkResolver.cpp, line 848]
Event: 0.522 Thread 0x000001aa470d3600 Exception <a 'java/lang/NoSuchMethodError'{0x00000000882d50e8}: 'java.lang.Object java.lang.invoke.DirectMethodHandle$Holder.newInvokeSpecial(java.lang.Object, java.lang.Object, java.lang.Object, java.lang.Object, java.lang.Object)'> (0x00000000882d50e8) 
thrown [./open/src/hotspot/share/interpreter/linkResolver.cpp, line 782]
Event: 0.541 Thread 0x000001aa470d3600 Exception <a 'java/lang/NoSuchMethodError'{0x00000000880ef3b8}: 'void java.lang.invoke.DirectMethodHandle$Holder.invokeInterface(java.lang.Object, java.lang.Object, java.lang.Object)'> (0x00000000880ef3b8) 
thrown [./open/src/hotspot/share/interpreter/linkResolver.cpp, line 782]
Event: 0.541 Thread 0x000001aa470d3600 Exception <a 'java/lang/IncompatibleClassChangeError'{0x00000000880f2950}: Found class java.lang.Object, but interface was expected> (0x00000000880f2950) 
thrown [./open/src/hotspot/share/interpreter/linkResolver.cpp, line 848]
Event: 0.594 Thread 0x000001aa470d3600 Exception <a 'java/lang/NoSuchMethodError'{0x0000000088a73f30}: 'java.lang.Object java.lang.invoke.DirectMethodHandle$Holder.invokeInterface(java.lang.Object, java.lang.Object)'> (0x0000000088a73f30) 
thrown [./open/src/hotspot/share/interpreter/linkResolver.cpp, line 782]
Event: 0.595 Thread 0x000001aa470d3600 Exception <a 'java/lang/IncompatibleClassChangeError'{0x0000000088a77bd0}: Found class java.lang.Object, but interface was expected> (0x0000000088a77bd0) 
thrown [./open/src/hotspot/share/interpreter/linkResolver.cpp, line 848]
Event: 0.617 Thread 0x000001aa470d3600 Exception <a 'java/lang/NoSuchMethodError'{0x0000000088811fb0}: 'void java.lang.invoke.DirectMethodHandle$Holder.invokeStatic(java.lang.Object, java.lang.Object, java.lang.Object, java.lang.Object)'> (0x0000000088811fb0) 
thrown [./open/src/hotspot/share/interpreter/linkResolver.cpp, line 782]
Event: 0.622 Thread 0x000001aa470d3600 Exception <a 'java/lang/NoSuchMethodError'{0x0000000088876d58}: 'java.lang.Object java.lang.invoke.DirectMethodHandle$Holder.invokeSpecialIFC(java.lang.Object, java.lang.Object, java.lang.Object, java.lang.Object)'> (0x0000000088876d58) 
thrown [./open/src/hotspot/share/interpreter/linkResolver.cpp, line 782]
Event: 0.626 Thread 0x000001aa470d3600 Exception <a 'java/lang/NoSuchMethodError'{0x00000000888bb260}: 'java.lang.Object java.lang.invoke.DirectMethodHandle$Holder.invokeStatic(java.lang.Object, java.lang.Object, int)'> (0x00000000888bb260) 
thrown [./open/src/hotspot/share/interpreter/linkResolver.cpp, line 782]
Event: 0.629 Thread 0x000001aa470d3600 Exception <a 'java/lang/NoSuchMethodError'{0x00000000888e2de8}: 'int java.lang.invoke.DirectMethodHandle$Holder.invokeStatic(java.lang.Object, java.lang.Object, java.lang.Object, java.lang.Object)'> (0x00000000888e2de8) 
thrown [./open/src/hotspot/share/interpreter/linkResolver.cpp, line 782]
Event: 0.636 Thread 0x000001aa470d3600 Exception <a 'java/lang/NoSuchMethodError'{0x0000000088751658}: 'void java.lang.invoke.DirectMethodHandle$Holder.invokeSpecial(java.lang.Object, java.lang.Object, java.lang.Object, java.lang.Object, java.lang.Object)'> (0x0000000088751658) 
thrown [./open/src/hotspot/share/interpreter/linkResolver.cpp, line 782]
Event: 0.643 Thread 0x000001aa470d3600 Exception <a 'java/lang/NoSuchMethodError'{0x00000000887baf58}: 'java.lang.Object java.lang.invoke.DirectMethodHandle$Holder.invokeVirtual(java.lang.Object, java.lang.Object, java.lang.Object)'> (0x00000000887baf58) 
thrown [./open/src/hotspot/share/interpreter/linkResolver.cpp, line 782]
Event: 0.649 Thread 0x000001aa470d3600 Exception <a 'java/lang/NoSuchMethodError'{0x00000000886393d0}: 'void java.lang.invoke.DirectMethodHandle$Holder.invokeInterface(java.lang.Object, java.lang.Object, java.lang.Object, java.lang.Object)'> (0x00000000886393d0) 
thrown [./open/src/hotspot/share/interpreter/linkResolver.cpp, line 782]
Event: 0.650 Thread 0x000001aa470d3600 Exception <a 'java/lang/IncompatibleClassChangeError'{0x000000008863ca30}: Found class java.lang.Object, but interface was expected> (0x000000008863ca30) 
thrown [./open/src/hotspot/share/interpreter/linkResolver.cpp, line 848]
Event: 0.660 Thread 0x000001aa470d3600 Exception <a 'java/lang/NoSuchMethodError'{0x0000000088545480}: 'java.lang.Object java.lang.invoke.Invokers$Holder.invokeExact_MT(java.lang.Object, java.lang.Object, java.lang.Object, java.lang.Object, java.lang.Object, java.lang.Object)'> (0x0000000088545480) 
thrown [./open/src/hotspot/share/interpreter/linkResolver.cpp, line 782]
Event: 0.661 Thread 0x000001aa470d3600 Exception <a 'java/lang/NoSuchMethodError'{0x00000000885564c0}: 'int java.lang.invoke.DirectMethodHandle$Holder.invokeStatic(java.lang.Object, java.lang.Object, java.lang.Object, java.lang.Object, java.lang.Object)'> (0x00000000885564c0) 
thrown [./open/src/hotspot/share/interpreter/linkResolver.cpp, line 782]
Event: 0.712 Thread 0x000001aa470d3600 Exception <a 'java/lang/NoSuchMethodError'{0x000000008803c560}: 'int java.lang.invoke.DirectMethodHandle$Holder.invokeSpecial(java.lang.Object, java.lang.Object, java.lang.Object, java.lang.Object)'> (0x000000008803c560) 
thrown [./open/src/hotspot/share/interpreter/linkResolver.cpp, line 782]

Events (20 events):
Event: 346.352 Executing VM operation: get/set locals
Event: 346.352 Executing VM operation: get/set locals done
Event: 346.352 Executing VM operation: get/set locals
Event: 346.352 Executing VM operation: get/set locals done
Event: 346.352 Executing VM operation: get/set locals
Event: 346.352 Executing VM operation: get/set locals done
Event: 346.353 Executing VM operation: get/set locals
Event: 346.353 Executing VM operation: get/set locals done
Event: 357.028 Executing VM operation: ChangeBreakpoints
Event: 357.029 Executing VM operation: ChangeBreakpoints done
Event: 359.403 Executing VM operation: ChangeBreakpoints
Event: 359.403 Executing VM operation: ChangeBreakpoints done
Event: 363.719 Executing VM operation: ChangeBreakpoints
Event: 363.719 Executing VM operation: ChangeBreakpoints done
Event: 373.912 Executing VM operation: ChangeBreakpoints
Event: 373.913 Executing VM operation: ChangeBreakpoints done
Event: 389.624 Executing VM operation: GetFrameCount
Event: 389.624 Executing VM operation: GetFrameCount done
Event: 389.668 Executing VM operation: GetFrameLocation
Event: 389.668 Executing VM operation: GetFrameLocation done


Dynamic libraries:
0x00007ff7d68a0000 - 0x00007ff7d68af000 	C:\Program Files\Java\jdk-15.0.2\bin\javaw.exe
0x00007ffb403d0000 - 0x00007ffb405c5000 	C:\Windows\SYSTEM32\ntdll.dll
0x00007ffb3f7c0000 - 0x00007ffb3f87d000 	C:\Windows\System32\KERNEL32.DLL
0x00007ffb3de00000 - 0x00007ffb3e0c9000 	C:\Windows\System32\KERNELBASE.dll
0x00007ffb3e100000 - 0x00007ffb3e200000 	C:\Windows\System32\ucrtbase.dll
0x00007ffb2eda0000 - 0x00007ffb2edb8000 	C:\Program Files\Java\jdk-15.0.2\bin\jli.dll
0x00007ffb401b0000 - 0x00007ffb4025c000 	C:\Windows\System32\ADVAPI32.dll
0x00007ffb40110000 - 0x00007ffb401ae000 	C:\Windows\System32\msvcrt.dll
0x00007ffb3e5e0000 - 0x00007ffb3e67b000 	C:\Windows\System32\sechost.dll
0x00007ffb3f400000 - 0x00007ffb3f52a000 	C:\Windows\System32\RPCRT4.dll
0x00007ffb3e440000 - 0x00007ffb3e5e0000 	C:\Windows\System32\USER32.dll
0x00007ffb3dd80000 - 0x00007ffb3dda2000 	C:\Windows\System32\win32u.dll
0x00007ffb3f880000 - 0x00007ffb3f8aa000 	C:\Windows\System32\GDI32.dll
0x00007ffb3e200000 - 0x00007ffb3e30b000 	C:\Windows\System32\gdi32full.dll
0x00007ffb3e310000 - 0x00007ffb3e3ad000 	C:\Windows\System32\msvcp_win.dll
0x00007ffb2eb80000 - 0x00007ffb2eb99000 	C:\Program Files\Java\jdk-15.0.2\bin\VCRUNTIME140.dll
0x00007ffb2f820000 - 0x00007ffb2faba000 	C:\Windows\WinSxS\amd64_microsoft.windows.common-controls_6595b64144ccf1df_6.0.19041.1110_none_60b5254171f9507e\COMCTL32.dll
0x00007ffb37e00000 - 0x00007ffb37e0a000 	C:\Windows\SYSTEM32\VERSION.dll
0x00007ffb3ec30000 - 0x00007ffb3ec60000 	C:\Windows\System32\IMM32.DLL
0x00007ffb35510000 - 0x00007ffb3551c000 	C:\Program Files\Java\jdk-15.0.2\bin\vcruntime140_1.dll
0x00007ffb266c0000 - 0x00007ffb26751000 	C:\Program Files\Java\jdk-15.0.2\bin\msvcp140.dll
0x00007ffb0c100000 - 0x00007ffb0cc5e000 	C:\Program Files\Java\jdk-15.0.2\bin\server\jvm.dll
0x00007ffb40260000 - 0x00007ffb40268000 	C:\Windows\System32\PSAPI.DLL
0x00007ffb39770000 - 0x00007ffb39779000 	C:\Windows\SYSTEM32\WSOCK32.dll
0x00007ffb3f390000 - 0x00007ffb3f3fb000 	C:\Windows\System32\WS2_32.dll
0x00007ffb329c0000 - 0x00007ffb329e7000 	C:\Windows\SYSTEM32\WINMM.dll
0x00007ffb3ba60000 - 0x00007ffb3ba72000 	C:\Windows\SYSTEM32\kernel.appcore.dll
0x00007ffb2ef70000 - 0x00007ffb2ef7a000 	C:\Program Files\Java\jdk-15.0.2\bin\jimage.dll
0x00007ffb276a0000 - 0x00007ffb27884000 	C:\Windows\SYSTEM32\DBGHELP.DLL
0x00007ffb255c0000 - 0x00007ffb255ec000 	C:\Windows\SYSTEM32\dbgcore.DLL
0x00007ffb3e3b0000 - 0x00007ffb3e433000 	C:\Windows\System32\bcryptPrimitives.dll
0x00007ffb2ea40000 - 0x00007ffb2ea79000 	C:\Program Files\Java\jdk-15.0.2\bin\jdwp.dll
0x00007ffb2f4a0000 - 0x00007ffb2f4ae000 	C:\Program Files\Java\jdk-15.0.2\bin\instrument.dll
0x00007ffb2eac0000 - 0x00007ffb2eae5000 	C:\Program Files\Java\jdk-15.0.2\bin\java.dll
0x00007ffb3f910000 - 0x00007ffb4004f000 	C:\Windows\System32\SHELL32.dll
0x00007ffb3bc60000 - 0x00007ffb3c3f1000 	C:\Windows\SYSTEM32\windows.storage.dll
0x00007ffb3ec60000 - 0x00007ffb3efb5000 	C:\Windows\System32\combase.dll
0x00007ffb3d580000 - 0x00007ffb3d5ac000 	C:\Windows\SYSTEM32\Wldp.dll
0x00007ffb40050000 - 0x00007ffb400fe000 	C:\Windows\System32\SHCORE.dll
0x00007ffb3f6b0000 - 0x00007ffb3f705000 	C:\Windows\System32\shlwapi.dll
0x00007ffb3da50000 - 0x00007ffb3da6f000 	C:\Windows\SYSTEM32\profapi.dll
0x00007ffb2f240000 - 0x00007ffb2f24b000 	C:\Program Files\Java\jdk-15.0.2\bin\dt_socket.dll
0x00007ffb3cf80000 - 0x00007ffb3cfbb000 	C:\Windows\SYSTEM32\IPHLPAPI.DLL
0x00007ffb3d2e0000 - 0x00007ffb3d34a000 	C:\Windows\system32\mswsock.dll
0x00007ffb3cfc0000 - 0x00007ffb3d08c000 	C:\Windows\SYSTEM32\DNSAPI.dll
0x00007ffb40100000 - 0x00007ffb40108000 	C:\Windows\System32\NSI.dll
0x00007ffb33d90000 - 0x00007ffb33d9a000 	C:\Windows\System32\rasadhlp.dll
0x00007ffb33bc0000 - 0x00007ffb33c3f000 	C:\Windows\System32\fwpuclnt.dll
0x00007ffb3e0d0000 - 0x00007ffb3e0f7000 	C:\Windows\System32\bcrypt.dll
0x00007ffb266a0000 - 0x00007ffb266b8000 	C:\Program Files\Java\jdk-15.0.2\bin\zip.dll
0x00007ffb2e940000 - 0x00007ffb2e959000 	C:\Program Files\Java\jdk-15.0.2\bin\net.dll
0x00007ffb351e0000 - 0x00007ffb352ea000 	C:\Windows\SYSTEM32\WINHTTP.dll
0x00007ffb27140000 - 0x00007ffb27152000 	C:\Program Files\Java\jdk-15.0.2\bin\nio.dll
0x00007ffb2eeb0000 - 0x00007ffb2eec0000 	C:\Program Files\Java\jdk-15.0.2\bin\verify.dll
0x00007ffb38690000 - 0x00007ffb386a7000 	C:\Windows\SYSTEM32\dhcpcsvc6.DLL
0x00007ffb382b0000 - 0x00007ffb382cd000 	C:\Windows\SYSTEM32\dhcpcsvc.DLL

dbghelp: loaded successfully - version: 4.0.5 - missing functions: none
symbol engine: initialized successfully - sym options: 0x614 - pdb path: .;C:\Program Files\Java\jdk-15.0.2\bin;C:\Windows\SYSTEM32;C:\Windows\WinSxS\amd64_microsoft.windows.common-controls_6595b64144ccf1df_6.0.19041.1110_none_60b5254171f9507e;C:\Program Files\Java\jdk-15.0.2\bin\server

VM Arguments:
jvm_args: -XX:+ShowCodeDetailsInExceptionMessages -agentlib:jdwp=transport=dt_socket,suspend=y,address=localhost:61320 -ea -javaagent:C:\Users\Yuri\eclipse\java-2020-124\eclipse\configuration\org.eclipse.osgi\220\0\.cp\lib\javaagent-shaded.jar -Dfile.encoding=Cp1252 
java_command: org.eclipse.jdt.internal.junit.runner.RemoteTestRunner -version 3 -port 61319 -testLoaderClass org.eclipse.jdt.internal.junit5.runner.JUnit5TestLoader -loaderpluginname org.eclipse.jdt.junit5.runtime -test ContaCorrenteTest:testarContaInvestimento
java_class_path (initial): C:\Users\Yuri\Desktop\comp2c\Banco\bin;C:\Users\Yuri\.p2\pool\plugins\org.junit.jupiter.api_5.7.0.v20201026-1537.jar;C:\Users\Yuri\.p2\pool\plugins\org.junit.jupiter.engine_5.7.0.v20201026-1537.jar;C:\Users\Yuri\.p2\pool\plugins\org.junit.jupiter.migrationsupport_5.7.0.v20201026-1537.jar;C:\Users\Yuri\.p2\pool\plugins\org.junit.jupiter.params_5.7.0.v20201026-1537.jar;C:\Users\Yuri\.p2\pool\plugins\org.junit.platform.commons_1.7.0.v20201026-1537.jar;C:\Users\Yuri\.p2\pool\plugins\org.junit.platform.engine_1.7.0.v20201026-1537.jar;C:\Users\Yuri\.p2\pool\plugins\org.junit.platform.launcher_1.7.0.v20201026-1537.jar;C:\Users\Yuri\.p2\pool\plugins\org.junit.platform.runner_1.7.0.v20201026-1537.jar;C:\Users\Yuri\.p2\pool\plugins\org.junit.platform.suite.api_1.7.0.v20201026-1537.jar;C:\Users\Yuri\.p2\pool\plugins\org.junit.vintage.engine_5.7.0.v20201026-1537.jar;C:\Users\Yuri\.p2\pool\plugins\org.opentest4j_1.2.0.v20190826-0900.jar;C:\Users\Yuri\.p2\pool\plugins\org.apiguardian_1.1.0.v20190826-0900.jar;C:\Users\Yuri\.p2\pool\plugins\org.junit_4.13.0.v20200204-1500.jar;C:\Users\Yuri\.p2\pool\plugins\org.hamcrest.core_1.3.0.v20180420-1519.jar;C:\Users\Yuri\eclipse\java-2020-124\eclipse\configuration\org.eclipse.osgi\219\0\.cp;C:\Users\Yuri\eclipse\java-2020-124\eclipse\configuration\org.eclipse.osgi\217\0\.cp
Launcher Type: SUN_STANDARD

[Global flags]
     intx CICompilerCount                          = 3                                         {product} {ergonomic}
     uint ConcGCThreads                            = 1                                         {product} {ergonomic}
     uint G1ConcRefinementThreads                  = 4                                         {product} {ergonomic}
   size_t G1HeapRegionSize                         = 1048576                                   {product} {ergonomic}
    uintx GCDrainStackTargetSize                   = 64                                        {product} {ergonomic}
   size_t InitialHeapSize                          = 134217728                                 {product} {ergonomic}
   size_t MarkStackSize                            = 4194304                                   {product} {ergonomic}
   size_t MaxHeapSize                              = 2134900736                                {product} {ergonomic}
   size_t MaxNewSize                               = 1280311296                                {product} {ergonomic}
   size_t MinHeapDeltaBytes                        = 1048576                                   {product} {ergonomic}
   size_t MinHeapSize                              = 8388608                                   {product} {ergonomic}
    uintx NonNMethodCodeHeapSize                   = 5832780                                {pd product} {ergonomic}
    uintx NonProfiledCodeHeapSize                  = 122912730                              {pd product} {ergonomic}
    uintx ProfiledCodeHeapSize                     = 122912730                              {pd product} {ergonomic}
    uintx ReservedCodeCacheSize                    = 251658240                              {pd product} {ergonomic}
     bool SegmentedCodeCache                       = true                                      {product} {ergonomic}
     bool ShowCodeDetailsInExceptionMessages       = true                                   {manageable} {command line}
   size_t SoftMaxHeapSize                          = 2134900736                             {manageable} {ergonomic}
     bool UseCompressedClassPointers               = true                                 {lp64_product} {ergonomic}
     bool UseCompressedOops                        = true                                 {lp64_product} {ergonomic}
     bool UseG1GC                                  = true                                      {product} {ergonomic}
     bool UseLargePagesIndividualAllocation        = false                                  {pd product} {ergonomic}

Logging:
Log output configuration:
 #0: stdout all=warning uptime,level,tags
 #1: stderr all=off uptime,level,tags

Environment Variables:
PATH=C:\MinGW\bin;C:\Program Files\Common Files\Oracle\Java\javapath;C:\Program Files (x86)\Common Files\Oracle\Java\javapath;C:\ProgramData\Oracle\Java\javapath;C:\Windows\system32;C:\Windows;C:\Windows\System32\Wbem;C:\Windows\System32\WindowsPowerShell\v1.0\;C:\Windows\System32\OpenSSH\;C:\Program Files (x86)\NVIDIA Corporation\PhysX\Common;C:\Program Files\NVIDIA Corporation\NVIDIA NvDLISR;C:\Program Files\Git\cmd;C:\Users\Yuri\AppData\Local\Microsoft\WindowsApps;C:\Program Files\Java\jdk-15.0.2\bin;;C:\Users\Yuri\AppData\Local\Programs\Microsoft VS Code\bin
USERNAME=Yuri
OS=Windows_NT
PROCESSOR_IDENTIFIER=Intel64 Family 6 Model 158 Stepping 10, GenuineIntel



---------------  S Y S T E M  ---------------

OS:
 Windows 10 , 64 bit Build 19041 (10.0.19041.1023)
OS uptime: 0 days 5:33 hours

CPU: total 4 (initial active 4) (4 cores per cpu, 1 threads per core) family 6 model 158 stepping 10 microcode 0xb4, cmov, cx8, fxsr, mmx, sse, sse2, sse3, ssse3, sse4.1, sse4.2, popcnt, vzeroupper, avx, avx2, aes, clmul, erms, 3dnowpref, lzcnt, tsc, tscinvbit, bmi1, bmi2, adx, fma, clflush, clflushopt

Memory: 4k page, system-wide physical 8136M (4561M free)
TotalPageFile size 16328M (AvailPageFile size 9637M)
current process WorkingSet (physical memory assigned to process): 70M, peak: 76M
current process commit charge ("private bytes"): 215M, peak: 220M

vm_info: Java HotSpot(TM) 64-Bit Server VM (15.0.2+7-27) for windows-amd64 JRE (15.0.2+7-27), built on Dec  7 2020 20:07:01 by "mach5one" with unknown MS VC++:1925

END.
